<?xml version="1.0" encoding="UTF-8"?>
<testng-results skipped="0" failed="0" total="1" passed="1">
  <reporter-output>
  </reporter-output>
  <suite name="A" duration-ms="22473" started-at="2014-11-25T09:21:06Z" finished-at="2014-11-25T09:21:29Z">
    <groups>
    </groups>
    <test name="FirefoxTest" duration-ms="22473" started-at="2014-11-25T09:21:06Z" finished-at="2014-11-25T09:21:29Z">
      <class name="com.framework.project.classes.GmailLoginTest">
        <test-method status="PASS" signature="setUp()[pri:0, instance:com.framework.project.classes.GmailLoginTest@6880d5d5]" name="setUp" is-config="true" duration-ms="13651" started-at="2014-11-25T14:51:06Z" finished-at="2014-11-25T14:51:20Z">
          <reporter-output>
          </reporter-output>
        </test-method> <!-- setUp -->
        <test-method status="PASS" signature="gmailTest()[pri:0, instance:com.framework.project.classes.GmailLoginTest@6880d5d5]" name="gmailTest" duration-ms="8298" started-at="2014-11-25T14:51:20Z" finished-at="2014-11-25T14:51:28Z">
          <reporter-output>
          </reporter-output>
        </test-method> <!-- gmailTest -->
        <test-method status="PASS" signature="tearDown()[pri:0, instance:com.framework.project.classes.GmailLoginTest@6880d5d5]" name="tearDown" is-config="true" duration-ms="503" started-at="2014-11-25T14:51:28Z" finished-at="2014-11-25T14:51:29Z">
          <reporter-output>
          </reporter-output>
        </test-method> <!-- tearDown -->
      </class> <!-- com.framework.project.classes.GmailLoginTest -->
    </test> <!-- FirefoxTest -->
  </suite> <!-- A -->
</testng-results>
